# JRE version: Java(TM) SE Runtime Environment 18.9 (11.0.12+8) (build 11.0.12+8-LTS-237)
# Java VM: Java HotSpot(TM) 64-Bit Server VM 18.9 (11.0.12+8-LTS-237, mixed mode, tiered, compressed oops, g1 gc, linux-amd64)
Heap:
 garbage-first heap   total 262144K, used 179622K [0x00000000e0000000, 0x0000000100000000)
  region size 1024K, 89 young (91136K), 14 survivors (14336K)
 Metaspace       used 82991K, capacity 86244K, committed 86480K, reserved 460800K
  class space    used 10572K, capacity 11838K, committed 11904K, reserved 385024K
GC Heap History (10 events):
Event: 15.305 GC heap before
{Heap before GC invocations=28 (full 0):
 garbage-first heap   total 262144K, used 210233K [0x00000000e0000000, 0x0000000100000000)
  region size 1024K, 153 young (156672K), 5 survivors (5120K)
 Metaspace       used 54900K, capacity 56565K, committed 56912K, reserved 436224K
  class space    used 7014K, capacity 7628K, committed 7680K, reserved 385024K
}
Event: 15.308 GC heap after
{Heap after GC invocations=29 (full 0):
 garbage-first heap   total 262144K, used 57679K [0x00000000e0000000, 0x0000000100000000)
  region size 1024K, 4 young (4096K), 4 survivors (4096K)
 Metaspace       used 54900K, capacity 56565K, committed 56912K, reserved 436224K
  class space    used 7014K, capacity 7628K, committed 7680K, reserved 385024K
}
Event: 15.721 GC heap before
{Heap before GC invocations=29 (full 0):
 garbage-first heap   total 262144K, used 118095K [0x00000000e0000000, 0x0000000100000000)
  region size 1024K, 62 young (63488K), 4 survivors (4096K)
 Metaspace       used 58127K, capacity 60073K, committed 60240K, reserved 438272K
  class space    used 7409K, capacity 8138K, committed 8192K, reserved 385024K
}
Event: 15.727 GC heap after
{Heap after GC invocations=30 (full 0):
 garbage-first heap   total 262144K, used 60869K [0x00000000e0000000, 0x0000000100000000)
  region size 1024K, 7 young (7168K), 7 survivors (7168K)
 Metaspace       used 58127K, capacity 60073K, committed 60240K, reserved 438272K
  class space    used 7409K, capacity 8138K, committed 8192K, reserved 385024K
}
Event: 19.988 GC heap before
{Heap before GC invocations=31 (full 0):
 garbage-first heap   total 262144K, used 210373K [0x00000000e0000000, 0x0000000100000000)
  region size 1024K, 153 young (156672K), 7 survivors (7168K)
 Metaspace       used 70123K, capacity 72445K, committed 72656K, reserved 448512K
  class space    used 8961K, capacity 9852K, committed 9856K, reserved 385024K
}
Event: 19.995 GC heap after
{Heap after GC invocations=32 (full 0):
 garbage-first heap   total 262144K, used 66242K [0x00000000e0000000, 0x0000000100000000)
  region size 1024K, 12 young (12288K), 12 survivors (12288K)
 Metaspace       used 70123K, capacity 72445K, committed 72656K, reserved 448512K
  class space    used 8961K, capacity 9852K, committed 9856K, reserved 385024K
}
Event: 300.288 GC heap before
{Heap before GC invocations=32 (full 0):
 garbage-first heap   total 262144K, used 224962K [0x00000000e0000000, 0x0000000100000000)
  region size 1024K, 153 young (156672K), 12 survivors (12288K)
 Metaspace       used 76653K, capacity 79705K, committed 80080K, reserved 454656K
  class space    used 9888K, capacity 11029K, committed 11136K, reserved 385024K
}
Event: 300.299 GC heap after
{Heap after GC invocations=33 (full 0):
 garbage-first heap   total 262144K, used 88961K [0x00000000e0000000, 0x0000000100000000)
  region size 1024K, 17 young (17408K), 17 survivors (17408K)
 Metaspace       used 76653K, capacity 79705K, committed 80080K, reserved 454656K
  class space    used 9888K, capacity 11029K, committed 11136K, reserved 385024K
}
Event: 307.596 GC heap before
{Heap before GC invocations=33 (full 0):
 garbage-first heap   total 262144K, used 224129K [0x00000000e0000000, 0x0000000100000000)
  region size 1024K, 140 young (143360K), 17 survivors (17408K)
 Metaspace       used 82563K, capacity 85793K, committed 86224K, reserved 460800K
  class space    used 10563K, capacity 11800K, committed 11904K, reserved 385024K
}
Event: 307.607 GC heap after
{Heap after GC invocations=34 (full 0):
 garbage-first heap   total 262144K, used 104870K [0x00000000e0000000, 0x0000000100000000)
  region size 1024K, 14 young (14336K), 14 survivors (14336K)
 Metaspace       used 82563K, capacity 85793K, committed 86224K, reserved 460800K
  class space    used 10563K, capacity 11800K, committed 11904K, reserved 385024K
}

