# JRE version: Java(TM) SE Runtime Environment 18.9 (11.0.12+8) (build 11.0.12+8-LTS-237)
# Java VM: Java HotSpot(TM) 64-Bit Server VM 18.9 (11.0.12+8-LTS-237, mixed mode, tiered, compressed oops, g1 gc, linux-amd64)
Heap:
 garbage-first heap   total 514048K, used 123168K [0x00000000e0000000, 0x0000000100000000)
  region size 1024K, 115 young (117760K), 7 survivors (7168K)
 Metaspace       used 43834K, capacity 45399K, committed 45616K, reserved 1089536K
  class space    used 5475K, capacity 6065K, committed 6192K, reserved 1048576K
GC Heap History (10 events):
Event: 0.553 GC heap before
{Heap before GC invocations=0 (full 0):
 garbage-first heap   total 514048K, used 25600K [0x00000000e0000000, 0x0000000100000000)
  region size 1024K, 25 young (25600K), 0 survivors (0K)
 Metaspace       used 13205K, capacity 13499K, committed 13824K, reserved 1060864K
  class space    used 1392K, capacity 1495K, committed 1536K, reserved 1048576K
}
Event: 0.559 GC heap after
{Heap after GC invocations=1 (full 0):
 garbage-first heap   total 514048K, used 7521K [0x00000000e0000000, 0x0000000100000000)
  region size 1024K, 4 young (4096K), 4 survivors (4096K)
 Metaspace       used 13205K, capacity 13499K, committed 13824K, reserved 1060864K
  class space    used 1392K, capacity 1495K, committed 1536K, reserved 1048576K
}
Event: 0.990 GC heap before
{Heap before GC invocations=1 (full 0):
 garbage-first heap   total 514048K, used 47457K [0x00000000e0000000, 0x0000000100000000)
  region size 1024K, 44 young (45056K), 4 survivors (4096K)
 Metaspace       used 20390K, capacity 21077K, committed 21296K, reserved 1069056K
  class space    used 2316K, capacity 2565K, committed 2608K, reserved 1048576K
}
Event: 0.996 GC heap after
{Heap after GC invocations=2 (full 0):
 garbage-first heap   total 514048K, used 8709K [0x00000000e0000000, 0x0000000100000000)
  region size 1024K, 6 young (6144K), 6 survivors (6144K)
 Metaspace       used 20390K, capacity 21077K, committed 21296K, reserved 1069056K
  class space    used 2316K, capacity 2565K, committed 2608K, reserved 1048576K
}
Event: 1.259 GC heap before
{Heap before GC invocations=3 (full 0):
 garbage-first heap   total 514048K, used 36357K [0x00000000e0000000, 0x0000000100000000)
  region size 1024K, 33 young (33792K), 6 survivors (6144K)
 Metaspace       used 23751K, capacity 24667K, committed 25008K, reserved 1071104K
  class space    used 2816K, capacity 3144K, committed 3248K, reserved 1048576K
}
Event: 1.263 GC heap after
{Heap after GC invocations=4 (full 0):
 garbage-first heap   total 514048K, used 10143K [0x00000000e0000000, 0x0000000100000000)
  region size 1024K, 3 young (3072K), 3 survivors (3072K)
 Metaspace       used 23751K, capacity 24667K, committed 25008K, reserved 1071104K
  class space    used 2816K, capacity 3144K, committed 3248K, reserved 1048576K
}
Event: 1.677 GC heap before
{Heap before GC invocations=4 (full 0):
 garbage-first heap   total 514048K, used 72607K [0x00000000e0000000, 0x0000000100000000)
  region size 1024K, 65 young (66560K), 3 survivors (3072K)
 Metaspace       used 31795K, capacity 32890K, committed 33200K, reserved 1079296K
  class space    used 3798K, capacity 4209K, committed 4272K, reserved 1048576K
}
Event: 1.681 GC heap after
{Heap after GC invocations=5 (full 0):
 garbage-first heap   total 514048K, used 12645K [0x00000000e0000000, 0x0000000100000000)
  region size 1024K, 6 young (6144K), 6 survivors (6144K)
 Metaspace       used 31795K, capacity 32890K, committed 33200K, reserved 1079296K
  class space    used 3798K, capacity 4209K, committed 4272K, reserved 1048576K
}
Event: 1.985 GC heap before
{Heap before GC invocations=5 (full 0):
 garbage-first heap   total 514048K, used 44389K [0x00000000e0000000, 0x0000000100000000)
  region size 1024K, 38 young (38912K), 6 survivors (6144K)
 Metaspace       used 34254K, capacity 35371K, committed 35632K, reserved 1081344K
  class space    used 4119K, capacity 4530K, committed 4656K, reserved 1048576K
}
Event: 1.992 GC heap after
{Heap after GC invocations=6 (full 0):
 garbage-first heap   total 514048K, used 13600K [0x00000000e0000000, 0x0000000100000000)
  region size 1024K, 7 young (7168K), 7 survivors (7168K)
 Metaspace       used 34254K, capacity 35371K, committed 35632K, reserved 1081344K
  class space    used 4119K, capacity 4530K, committed 4656K, reserved 1048576K
}

